# JRE version: Java(TM) SE Runtime Environment (11.0.3+12) (build 11.0.3+12-LTS)
# Java VM: Java HotSpot(TM) 64-Bit Server VM (11.0.3+12-LTS, mixed mode, tiered, compressed oops, g1 gc, bsd-amd64)
Heap:
 garbage-first heap   total 131072K, used 24581K [0x0000000780000000, 0x0000000800000000)
  region size 1024K, 15 young (15360K), 3 survivors (3072K)
 Metaspace       used 20909K, capacity 21210K, committed 21552K, reserved 1069056K
  class space    used 2227K, capacity 2326K, committed 2432K, reserved 1048576K
GC Heap History (10 events):
Event: 1.358 GC heap before
{Heap before GC invocations=0 (full 0):
 garbage-first heap   total 131072K, used 14336K [0x0000000780000000, 0x0000000800000000)
  region size 1024K, 14 young (14336K), 0 survivors (0K)
 Metaspace       used 11372K, capacity 11576K, committed 11776K, reserved 1060864K
  class space    used 1120K, capacity 1199K, committed 1280K, reserved 1048576K
}
Event: 1.364 GC heap after
{Heap after GC invocations=1 (full 0):
 garbage-first heap   total 131072K, used 3400K [0x0000000780000000, 0x0000000800000000)
  region size 1024K, 2 young (2048K), 2 survivors (2048K)
 Metaspace       used 11372K, capacity 11576K, committed 11776K, reserved 1060864K
  class space    used 1120K, capacity 1199K, committed 1280K, reserved 1048576K
}
Event: 1.648 GC heap before
{Heap before GC invocations=1 (full 0):
 garbage-first heap   total 131072K, used 12616K [0x0000000780000000, 0x0000000800000000)
  region size 1024K, 11 young (11264K), 2 survivors (2048K)
 Metaspace       used 12889K, capacity 13121K, committed 13440K, reserved 1060864K
  class space    used 1322K, capacity 1394K, committed 1408K, reserved 1048576K
}
Event: 1.652 GC heap after
{Heap after GC invocations=2 (full 0):
 garbage-first heap   total 131072K, used 3858K [0x0000000780000000, 0x0000000800000000)
  region size 1024K, 1 young (1024K), 1 survivors (1024K)
 Metaspace       used 12889K, capacity 13121K, committed 13440K, reserved 1060864K
  class space    used 1322K, capacity 1394K, committed 1408K, reserved 1048576K
}
Event: 2.368 GC heap before
{Heap before GC invocations=2 (full 0):
 garbage-first heap   total 131072K, used 31506K [0x0000000780000000, 0x0000000800000000)
  region size 1024K, 28 young (28672K), 1 survivors (1024K)
 Metaspace       used 16931K, capacity 17170K, committed 17664K, reserved 1064960K
  class space    used 1836K, capacity 1951K, committed 2048K, reserved 1048576K
}
Event: 2.371 GC heap after
{Heap after GC invocations=3 (full 0):
 garbage-first heap   total 131072K, used 5188K [0x0000000780000000, 0x0000000800000000)
  region size 1024K, 2 young (2048K), 2 survivors (2048K)
 Metaspace       used 16931K, capacity 17170K, committed 17664K, reserved 1064960K
  class space    used 1836K, capacity 1951K, committed 2048K, reserved 1048576K
}
Event: 3.586 GC heap before
{Heap before GC invocations=3 (full 0):
 garbage-first heap   total 131072K, used 56388K [0x0000000780000000, 0x0000000800000000)
  region size 1024K, 52 young (53248K), 2 survivors (2048K)
 Metaspace       used 20443K, capacity 20759K, committed 21120K, reserved 1069056K
  class space    used 2204K, capacity 2325K, committed 2432K, reserved 1048576K
}
Event: 3.604 GC heap after
{Heap after GC invocations=4 (full 0):
 garbage-first heap   total 131072K, used 12267K [0x0000000780000000, 0x0000000800000000)
  region size 1024K, 7 young (7168K), 7 survivors (7168K)
 Metaspace       used 20443K, capacity 20759K, committed 21120K, reserved 1069056K
  class space    used 2204K, capacity 2325K, committed 2432K, reserved 1048576K
}
Event: 3.741 GC heap before
{Heap before GC invocations=4 (full 0):
 garbage-first heap   total 131072K, used 23531K [0x0000000780000000, 0x0000000800000000)
  region size 1024K, 19 young (19456K), 7 survivors (7168K)
 Metaspace       used 20686K, capacity 20954K, committed 21296K, reserved 1069056K
  class space    used 2209K, capacity 2326K, committed 2432K, reserved 1048576K
}
Event: 3.756 GC heap after
{Heap after GC invocations=5 (full 0):
 garbage-first heap   total 131072K, used 13317K [0x0000000780000000, 0x0000000800000000)
  region size 1024K, 3 young (3072K), 3 survivors (3072K)
 Metaspace       used 20686K, capacity 20954K, committed 21296K, reserved 1069056K
  class space    used 2209K, capacity 2326K, committed 2432K, reserved 1048576K
}

